19-04-2023 14:21:01.718 [Gauge] [DEBUG] Created gauge_screenshots_dir at C:\Users\testinium\IdeaProjects\HepsiBurdaBdd\.gauge\screenshots
19-04-2023 14:21:01.750 [Gauge] [DEBUG] Plugin java is already installed.
19-04-2023 14:21:01.767 [Gauge] [DEBUG] Plugin html-report is already installed.
19-04-2023 14:21:01.771 [Gauge] [DEBUG] Parsing started.
19-04-2023 14:21:01.772 [Gauge] [DEBUG] Started concepts parsing.
19-04-2023 14:21:01.942 [Gauge] [DEBUG] 35 concepts parsing completed.
19-04-2023 14:21:01.943 [Gauge] [DEBUG] Started specifications parsing.
19-04-2023 14:21:01.974 [Gauge] [DEBUG] 1 specifications parsing completed.
19-04-2023 14:21:01.974 [Gauge] [DEBUG] Parsing completed.
19-04-2023 14:21:02.311 [Gauge] [DEBUG] Checking updates...
19-04-2023 14:21:02.317 [Gauge] [DEBUG] Downloading https://downloads.gauge.org/plugin/html-report?l=java&p=html-report,java,screenshot&o=windows&a=amd64
19-04-2023 14:21:02.661 [Gauge] [DEBUG] Downloading https://downloads.gauge.org/plugin/java?l=java&p=html-report,java,screenshot&o=windows&a=amd64
19-04-2023 14:21:02.752 [Gauge] [DEBUG] Downloading https://downloads.gauge.org/plugin/screenshot?l=java&p=html-report,java,screenshot&o=windows&a=amd64
19-04-2023 14:21:03.528 [java] [DEBUG] ***** Printing Properties/Env Values *****
19-04-2023 14:21:03.529 [java] [DEBUG] PATH: C:\Program Files (x86)\Common Files\Oracle\Java\javapath;C:\WINDOWS\system32;C:\WINDOWS;C:\WINDOWS\System32\Wbem;C:\WINDOWS\System32\WindowsPowerShell\v1.0\;C:\WINDOWS\System32\OpenSSH\;C:\Program Files\apache-maven-3.9.1\bin;C:\Program Files\Gauge\bin;C:\Program Files\Git\cmd;C:\Program Files\nodejs\;C:\Program Files (x86)\Micro Focus\Unified Functional Testing\bin;C:\Program Files\MySQL\MySQL Shell 8.0\bin\;C:\Users\testinium\AppData\Local\Microsoft\WindowsApps;;C:\Program Files\JetBrains\IntelliJ IDEA Community Edition 2023.1\bin;;C:\Users\testinium\AppData\Roaming\npm;C:\Users\testinium\AppData\Roaming\gauge\plugins\screenshot\0.1.0
19-04-2023 14:21:03.529 [java] [DEBUG] JAVA_HOME: C:\Program Files\Java\jdk1.8.0_361
19-04-2023 14:21:03.529 [java] [DEBUG] gauge_project_root: C:\Users\testinium\IdeaProjects\HepsiBurdaBdd
19-04-2023 14:21:03.529 [java] [DEBUG] gauge_parallel_streams_count: 8
19-04-2023 14:21:03.529 [java] [DEBUG] gauge_reports_dir: reports
19-04-2023 14:21:03.529 [java] [DEBUG] overwrite_reports: true
19-04-2023 14:21:03.529 [java] [DEBUG] logs_directory: logs
19-04-2023 14:21:03.529 [java] [DEBUG] enable_multithreading: false
19-04-2023 14:21:03.529 [java] [DEBUG] gauge_specs_dir: specs
19-04-2023 14:21:03.529 [java] [DEBUG] csv_delimiter: ,
19-04-2023 14:21:03.529 [java] [DEBUG] gauge_java_home: 
19-04-2023 14:21:03.529 [java] [DEBUG] gauge_custom_build_path: 
19-04-2023 14:21:03.529 [java] [DEBUG] gauge_additional_libs: libs/*
19-04-2023 14:21:03.529 [java] [DEBUG] gauge_jvm_args: 
19-04-2023 14:21:03.529 [java] [DEBUG] gauge_custom_compile_dir: 
19-04-2023 14:21:03.529 [java] [DEBUG] gauge_clear_state_level: scenario
19-04-2023 14:21:03.529 [java] [DEBUG] ***** END *****
19-04-2023 14:21:33.520 [Gauge] [CRITICAL] Failed to start gauge API: Timed out connecting to java
19-04-2023 14:23:04.844 [Gauge] [DEBUG] Created gauge_screenshots_dir at C:\Users\testinium\IdeaProjects\HepsiBurdaBdd\.gauge\screenshots
19-04-2023 14:23:04.852 [Gauge] [DEBUG] Plugin java is already installed.
19-04-2023 14:23:04.855 [Gauge] [DEBUG] Plugin html-report is already installed.
19-04-2023 14:23:04.858 [Gauge] [DEBUG] Parsing started.
19-04-2023 14:23:04.860 [Gauge] [DEBUG] Started concepts parsing.
19-04-2023 14:23:04.899 [Gauge] [DEBUG] 35 concepts parsing completed.
19-04-2023 14:23:04.899 [Gauge] [DEBUG] Started specifications parsing.
19-04-2023 14:23:04.904 [Gauge] [DEBUG] 1 specifications parsing completed.
19-04-2023 14:23:04.905 [Gauge] [DEBUG] Parsing completed.
19-04-2023 14:23:04.981 [java] [DEBUG] ***** Printing Properties/Env Values *****
19-04-2023 14:23:04.981 [java] [DEBUG] PATH: C:\Program Files (x86)\Common Files\Oracle\Java\javapath;C:\WINDOWS\system32;C:\WINDOWS;C:\WINDOWS\System32\Wbem;C:\WINDOWS\System32\WindowsPowerShell\v1.0\;C:\WINDOWS\System32\OpenSSH\;C:\Program Files\apache-maven-3.9.1\bin;C:\Program Files\Gauge\bin;C:\Program Files\Git\cmd;C:\Program Files\nodejs\;C:\Program Files (x86)\Micro Focus\Unified Functional Testing\bin;C:\Program Files\MySQL\MySQL Shell 8.0\bin\;C:\Users\testinium\AppData\Local\Microsoft\WindowsApps;;C:\Program Files\JetBrains\IntelliJ IDEA Community Edition 2023.1\bin;;C:\Users\testinium\AppData\Roaming\npm;C:\Users\testinium\AppData\Roaming\gauge\plugins\screenshot\0.1.0
19-04-2023 14:23:04.981 [java] [DEBUG] JAVA_HOME: C:\Program Files\Java\jdk1.8.0_361
19-04-2023 14:23:04.981 [java] [DEBUG] gauge_project_root: C:\Users\testinium\IdeaProjects\HepsiBurdaBdd
19-04-2023 14:23:04.981 [java] [DEBUG] gauge_parallel_streams_count: 8
19-04-2023 14:23:04.981 [java] [DEBUG] gauge_reports_dir: reports
19-04-2023 14:23:04.981 [java] [DEBUG] overwrite_reports: true
19-04-2023 14:23:04.981 [java] [DEBUG] logs_directory: logs
19-04-2023 14:23:04.981 [java] [DEBUG] enable_multithreading: false
19-04-2023 14:23:04.981 [java] [DEBUG] gauge_specs_dir: specs
19-04-2023 14:23:04.981 [java] [DEBUG] csv_delimiter: ,
19-04-2023 14:23:04.981 [java] [DEBUG] gauge_java_home: 
19-04-2023 14:23:04.981 [java] [DEBUG] gauge_custom_build_path: 
19-04-2023 14:23:04.981 [java] [DEBUG] gauge_additional_libs: libs/*
19-04-2023 14:23:04.981 [java] [DEBUG] gauge_jvm_args: 
19-04-2023 14:23:04.981 [java] [DEBUG] gauge_custom_compile_dir: 
19-04-2023 14:23:04.981 [java] [DEBUG] gauge_clear_state_level: scenario
19-04-2023 14:23:04.981 [java] [DEBUG] ***** END *****
19-04-2023 14:23:05.272 [Gauge] [DEBUG] Checking updates...
19-04-2023 14:23:05.275 [Gauge] [DEBUG] Downloading https://downloads.gauge.org/plugin/html-report?l=java&p=html-report,java,screenshot&o=windows&a=amd64
19-04-2023 14:23:05.558 [Gauge] [DEBUG] Downloading https://downloads.gauge.org/plugin/java?l=java&p=html-report,java,screenshot&o=windows&a=amd64
19-04-2023 14:23:05.692 [Gauge] [DEBUG] Downloading https://downloads.gauge.org/plugin/screenshot?l=java&p=html-report,java,screenshot&o=windows&a=amd64
19-04-2023 14:23:13.773 [java] [DEBUG] classpath set to C:\Users\testinium\.jdks\corretto-11.0.18!\java.base;C:\Users\testinium\.jdks\corretto-11.0.18!\java.compiler;C:\Users\testinium\.jdks\corretto-11.0.18!\java.datatransfer;C:\Users\testinium\.jdks\corretto-11.0.18!\java.desktop;C:\Users\testinium\.jdks\corretto-11.0.18!\java.instrument;C:\Users\testinium\.jdks\corretto-11.0.18!\java.logging;C:\Users\testinium\.jdks\corretto-11.0.18!\java.management;C:\Users\testinium\.jdks\corretto-11.0.18!\java.management.rmi;C:\Users\testinium\.jdks\corretto-11.0.18!\java.naming;C:\Users\testinium\.jdks\corretto-11.0.18!\java.net.http;C:\Users\testinium\.jdks\corretto-11.0.18!\java.prefs;C:\Users\testinium\.jdks\corretto-11.0.18!\java.rmi;C:\Users\testinium\.jdks\corretto-11.0.18!\java.scripting;C:\Users\testinium\.jdks\corretto-11.0.18!\java.se;C:\Users\testinium\.jdks\corretto-11.0.18!\java.security.jgss;C:\Users\testinium\.jdks\corretto-11.0.18!\java.security.sasl;C:\Users\testinium\.jdks\corretto-11.0.18!\java.smartcardio;C:\Users\testinium\.jdks\corretto-11.0.18!\java.sql;C:\Users\testinium\.jdks\corretto-11.0.18!\java.sql.rowset;C:\Users\testinium\.jdks\corretto-11.0.18!\java.transaction.xa;C:\Users\testinium\.jdks\corretto-11.0.18!\java.xml;C:\Users\testinium\.jdks\corretto-11.0.18!\java.xml.crypto;C:\Users\testinium\.jdks\corretto-11.0.18!\jdk.accessibility;C:\Users\testinium\.jdks\corretto-11.0.18!\jdk.aot;C:\Users\testinium\.jdks\corretto-11.0.18!\jdk.attach;C:\Users\testinium\.jdks\corretto-11.0.18!\jdk.charsets;C:\Users\testinium\.jdks\corretto-11.0.18!\jdk.compiler;C:\Users\testinium\.jdks\corretto-11.0.18!\jdk.crypto.cryptoki;C:\Users\testinium\.jdks\corretto-11.0.18!\jdk.crypto.ec;C:\Users\testinium\.jdks\corretto-11.0.18!\jdk.crypto.mscapi;C:\Users\testinium\.jdks\corretto-11.0.18!\jdk.dynalink;C:\Users\testinium\.jdks\corretto-11.0.18!\jdk.editpad;C:\Users\testinium\.jdks\corretto-11.0.18!\jdk.hotspot.agent;C:\Users\testinium\.jdks\corretto-11.0.18!\jdk.httpserver;C:\Users\testinium\.jdks\corretto-11.0.18!\jdk.internal.ed;C:\Users\testinium\.jdks\corretto-11.0.18!\jdk.internal.jvmstat;C:\Users\testinium\.jdks\corretto-11.0.18!\jdk.internal.le;C:\Users\testinium\.jdks\corretto-11.0.18!\jdk.internal.opt;C:\Users\testinium\.jdks\corretto-11.0.18!\jdk.internal.vm.ci;C:\Users\testinium\.jdks\corretto-11.0.18!\jdk.internal.vm.compiler;C:\Users\testinium\.jdks\corretto-11.0.18!\jdk.internal.vm.compiler.management;C:\Users\testinium\.jdks\corretto-11.0.18!\jdk.jartool;C:\Users\testinium\.jdks\corretto-11.0.18!\jdk.javadoc;C:\Users\testinium\.jdks\corretto-11.0.18!\jdk.jcmd;C:\Users\testinium\.jdks\corretto-11.0.18!\jdk.jconsole;C:\Users\testinium\.jdks\corretto-11.0.18!\jdk.jdeps;C:\Users\testinium\.jdks\corretto-11.0.18!\jdk.jdi;C:\Users\testinium\.jdks\corretto-11.0.18!\jdk.jdwp.agent;C:\Users\testinium\.jdks\corretto-11.0.18!\jdk.jfr;C:\Users\testinium\.jdks\corretto-11.0.18!\jdk.jlink;C:\Users\testinium\.jdks\corretto-11.0.18!\jdk.jshell;C:\Users\testinium\.jdks\corretto-11.0.18!\jdk.jsobject;C:\Users\testinium\.jdks\corretto-11.0.18!\jdk.jstatd;C:\Users\testinium\.jdks\corretto-11.0.18!\jdk.localedata;C:\Users\testinium\.jdks\corretto-11.0.18!\jdk.management;C:\Users\testinium\.jdks\corretto-11.0.18!\jdk.management.agent;C:\Users\testinium\.jdks\corretto-11.0.18!\jdk.management.jfr;C:\Users\testinium\.jdks\corretto-11.0.18!\jdk.naming.dns;C:\Users\testinium\.jdks\corretto-11.0.18!\jdk.naming.ldap;C:\Users\testinium\.jdks\corretto-11.0.18!\jdk.naming.rmi;C:\Users\testinium\.jdks\corretto-11.0.18!\jdk.net;C:\Users\testinium\.jdks\corretto-11.0.18!\jdk.pack;C:\Users\testinium\.jdks\corretto-11.0.18!\jdk.rmic;C:\Users\testinium\.jdks\corretto-11.0.18!\jdk.scripting.nashorn;C:\Users\testinium\.jdks\corretto-11.0.18!\jdk.scripting.nashorn.shell;C:\Users\testinium\.jdks\corretto-11.0.18!\jdk.sctp;C:\Users\testinium\.jdks\corretto-11.0.18!\jdk.security.auth;C:\Users\testinium\.jdks\corretto-11.0.18!\jdk.security.jgss;C:\Users\testinium\.jdks\corretto-11.0.18!\jdk.unsupported;C:\Users\testinium\.jdks\corretto-11.0.18!\jdk.unsupported.desktop;C:\Users\testinium\.jdks\corretto-11.0.18!\jdk.xml.dom;C:\Users\testinium\.jdks\corretto-11.0.18!\jdk.zipfs;C:\Users\testinium\IdeaProjects\HepsiBurdaBdd\target\test-classes;C:\Users\testinium\.m2\repository\org\apache\logging\log4j\log4j-core\2.17.1\log4j-core-2.17.1.jar;C:\Users\testinium\.m2\repository\org\apache\logging\log4j\log4j-api\2.17.1\log4j-api-2.17.1.jar;C:\Users\testinium\.m2\repository\org\junit\jupiter\junit-jupiter-engine\5.1.0\junit-jupiter-engine-5.1.0.jar;C:\Users\testinium\.m2\repository\org\apiguardian\apiguardian-api\1.0.0\apiguardian-api-1.0.0.jar;C:\Users\testinium\.m2\repository\org\junit\platform\junit-platform-engine\1.1.0\junit-platform-engine-1.1.0.jar;C:\Users\testinium\.m2\repository\org\junit\platform\junit-platform-commons\1.1.0\junit-platform-commons-1.1.0.jar;C:\Users\testinium\.m2\repository\org\opentest4j\opentest4j\1.0.0\opentest4j-1.0.0.jar;C:\Users\testinium\.m2\repository\org\junit\jupiter\junit-jupiter-api\5.1.0\junit-jupiter-api-5.1.0.jar;C:\Users\testinium\.m2\repository\com\thoughtworks\gauge\gauge-java\0.7.3\gauge-java-0.7.3.jar;C:\Users\testinium\.m2\repository\org\assertj\assertj-core\3.14.0\assertj-core-3.14.0.jar;C:\Users\testinium\.m2\repository\org\reflections\reflections\0.9.11\reflections-0.9.11.jar;C:\Users\testinium\.m2\repository\org\javassist\javassist\3.21.0-GA\javassist-3.21.0-GA.jar;C:\Users\testinium\.m2\repository\com\github\javaparser\javaparser-core\2.5.1\javaparser-core-2.5.1.jar;C:\Users\testinium\.m2\repository\commons-io\commons-io\2.6\commons-io-2.6.jar;C:\Users\testinium\.m2\repository\commons-lang\commons-lang\2.6\commons-lang-2.6.jar;C:\Users\testinium\.m2\repository\org\json\json\20190722\json-20190722.jar;C:\Users\testinium\.m2\repository\com\google\protobuf\protobuf-java\3.10.0\protobuf-java-3.10.0.jar;C:\Users\testinium\.m2\repository\com\google\guava\guava\28.1-jre\guava-28.1-jre.jar;C:\Users\testinium\.m2\repository\com\google\guava\failureaccess\1.0.1\failureaccess-1.0.1.jar;C:\Users\testinium\.m2\repository\com\google\guava\listenablefuture\9999.0-empty-to-avoid-conflict-with-guava\listenablefuture-9999.0-empty-to-avoid-conflict-with-guava.jar;C:\Users\testinium\.m2\repository\com\google\code\findbugs\jsr305\3.0.2\jsr305-3.0.2.jar;C:\Users\testinium\.m2\repository\org\checkerframework\checker-qual\2.8.1\checker-qual-2.8.1.jar;C:\Users\testinium\.m2\repository\com\google\errorprone\error_prone_annotations\2.3.2\error_prone_annotations-2.3.2.jar;C:\Users\testinium\.m2\repository\com\google\j2objc\j2objc-annotations\1.3\j2objc-annotations-1.3.jar;C:\Users\testinium\.m2\repository\org\codehaus\mojo\animal-sniffer-annotations\1.18\animal-sniffer-annotations-1.18.jar;C:\Users\testinium\.m2\repository\io\grpc\grpc-netty-shaded\1.25.0\grpc-netty-shaded-1.25.0.jar;C:\Users\testinium\.m2\repository\io\grpc\grpc-core\1.25.0\grpc-core-1.25.0.jar;C:\Users\testinium\.m2\repository\io\grpc\grpc-api\1.25.0\grpc-api-1.25.0.jar;C:\Users\testinium\.m2\repository\io\grpc\grpc-context\1.25.0\grpc-context-1.25.0.jar;C:\Users\testinium\.m2\repository\com\google\android\annotations\4.1.1.4\annotations-4.1.1.4.jar;C:\Users\testinium\.m2\repository\io\perfmark\perfmark-api\0.19.0\perfmark-api-0.19.0.jar;C:\Users\testinium\.m2\repository\io\opencensus\opencensus-api\0.21.0\opencensus-api-0.21.0.jar;C:\Users\testinium\.m2\repository\io\opencensus\opencensus-contrib-grpc-metrics\0.21.0\opencensus-contrib-grpc-metrics-0.21.0.jar;C:\Users\testinium\.m2\repository\io\grpc\grpc-protobuf\1.24.1\grpc-protobuf-1.24.1.jar;C:\Users\testinium\.m2\repository\com\google\api\grpc\proto-google-common-protos\1.12.0\proto-google-common-protos-1.12.0.jar;C:\Users\testinium\.m2\repository\io\grpc\grpc-protobuf-lite\1.24.1\grpc-protobuf-lite-1.24.1.jar;C:\Users\testinium\.m2\repository\io\grpc\grpc-stub\1.24.1\grpc-stub-1.24.1.jar;C:\Users\testinium\.m2\repository\javax\annotation\javax.annotation-api\1.3.2\javax.annotation-api-1.3.2.jar;C:\Users\testinium\.m2\repository\io\appium\java-client\7.0.0\java-client-7.0.0.jar;C:\Users\testinium\.m2\repository\org\seleniumhq\selenium\selenium-java\3.141.59\selenium-java-3.141.59.jar;C:\Users\testinium\.m2\repository\org\seleniumhq\selenium\selenium-chrome-driver\3.141.59\selenium-chrome-driver-3.141.59.jar;C:\Users\testinium\.m2\repository\org\seleniumhq\selenium\selenium-edge-driver\3.141.59\selenium-edge-driver-3.141.59.jar;C:\Users\testinium\.m2\repository\org\seleniumhq\selenium\selenium-firefox-driver\3.141.59\selenium-firefox-driver-3.141.59.jar;C:\Users\testinium\.m2\repository\org\seleniumhq\selenium\selenium-ie-driver\3.141.59\selenium-ie-driver-3.141.59.jar;C:\Users\testinium\.m2\repository\org\seleniumhq\selenium\selenium-opera-driver\3.141.59\selenium-opera-driver-3.141.59.jar;C:\Users\testinium\.m2\repository\org\seleniumhq\selenium\selenium-remote-driver\3.141.59\selenium-remote-driver-3.141.59.jar;C:\Users\testinium\.m2\repository\org\seleniumhq\selenium\selenium-safari-driver\3.141.59\selenium-safari-driver-3.141.59.jar;C:\Users\testinium\.m2\repository\net\bytebuddy\byte-buddy\1.8.15\byte-buddy-1.8.15.jar;C:\Users\testinium\.m2\repository\org\apache\commons\commons-exec\1.3\commons-exec-1.3.jar;C:\Users\testinium\.m2\repository\com\squareup\okhttp3\okhttp\3.11.0\okhttp-3.11.0.jar;C:\Users\testinium\.m2\repository\com\squareup\okio\okio\1.14.0\okio-1.14.0.jar;C:\Users\testinium\.m2\repository\org\seleniumhq\selenium\selenium-support\3.141.59\selenium-support-3.141.59.jar;C:\Users\testinium\.m2\repository\org\seleniumhq\selenium\selenium-api\3.141.59\selenium-api-3.141.59.jar;C:\Users\testinium\.m2\repository\com\google\code\gson\gson\2.8.5\gson-2.8.5.jar;C:\Users\testinium\.m2\repository\org\apache\httpcomponents\httpclient\4.5.6\httpclient-4.5.6.jar;C:\Users\testinium\.m2\repository\org\apache\httpcomponents\httpcore\4.4.10\httpcore-4.4.10.jar;C:\Users\testinium\.m2\repository\commons-logging\commons-logging\1.2\commons-logging-1.2.jar;C:\Users\testinium\.m2\repository\commons-codec\commons-codec\1.10\commons-codec-1.10.jar;C:\Users\testinium\.m2\repository\cglib\cglib\3.2.8\cglib-3.2.8.jar;C:\Users\testinium\.m2\repository\org\ow2\asm\asm\6.2.1\asm-6.2.1.jar;C:\Users\testinium\.m2\repository\org\apache\ant\ant\1.10.3\ant-1.10.3.jar;C:\Users\testinium\.m2\repository\org\apache\ant\ant-launcher\1.10.3\ant-launcher-1.10.3.jar;C:\Users\testinium\.m2\repository\commons-validator\commons-validator\1.6\commons-validator-1.6.jar;C:\Users\testinium\.m2\repository\commons-beanutils\commons-beanutils\1.9.2\commons-beanutils-1.9.2.jar;C:\Users\testinium\.m2\repository\commons-digester\commons-digester\1.8.1\commons-digester-1.8.1.jar;C:\Users\testinium\.m2\repository\commons-collections\commons-collections\3.2.2\commons-collections-3.2.2.jar;C:\Users\testinium\.m2\repository\org\apache\commons\commons-lang3\3.8\commons-lang3-3.8.jar;C:\Users\testinium\.m2\repository\org\springframework\spring-context\5.1.0.RELEASE\spring-context-5.1.0.RELEASE.jar;C:\Users\testinium\.m2\repository\org\springframework\spring-aop\5.1.0.RELEASE\spring-aop-5.1.0.RELEASE.jar;C:\Users\testinium\.m2\repository\org\springframework\spring-beans\5.1.0.RELEASE\spring-beans-5.1.0.RELEASE.jar;C:\Users\testinium\.m2\repository\org\springframework\spring-core\5.1.0.RELEASE\spring-core-5.1.0.RELEASE.jar;C:\Users\testinium\.m2\repository\org\springframework\spring-jcl\5.1.0.RELEASE\spring-jcl-5.1.0.RELEASE.jar;C:\Users\testinium\.m2\repository\org\springframework\spring-expression\5.1.0.RELEASE\spring-expression-5.1.0.RELEASE.jar;C:\Users\testinium\.m2\repository\org\aspectj\aspectjweaver\1.9.1\aspectjweaver-1.9.1.jar;C:\Users\testinium\.m2\repository\org\slf4j\slf4j-api\1.7.25\slf4j-api-1.7.25.jar;C:\Users\testinium\.m2\repository\junit\junit\4.13.2\junit-4.13.2.jar;C:\Users\testinium\.m2\repository\org\hamcrest\hamcrest-core\1.3\hamcrest-core-1.3.jar
19-04-2023 14:23:13.835 [java] [DEBUG] found java executable in C:\Program Files\Java\jdk1.8.0_361\jre\bin\java.exe
19-04-2023 14:23:13.836 [java] [DEBUG] running - C:\Program Files\Java\jdk1.8.0_361\jre\bin\java.exe [-Dfile.encoding=UTF-8 com.thoughtworks.gauge.GaugeRuntime --start]
19-04-2023 14:23:13.836 [java] [DEBUG] stdout/stderr is logged to logs\1888-java.exe.out
19-04-2023 14:23:14.188 [java] [DEBUG] Connecting to port: 0
19-04-2023 14:23:14.205 [java] [CRITICAL] Error in thread 1
Format specifier '%!s(MISSING)'
java.util.MissingFormatArgumentException: Format specifier '%!s(MISSING)'
	at java.util.Formatter.format(Formatter.java:2519)
	at java.util.Formatter.format(Formatter.java:2455)
	at java.lang.String.format(String.java:2940)
	at com.thoughtworks.gauge.connection.GaugeConnector.connect(GaugeConnector.java:45)
	at com.thoughtworks.gauge.connection.GaugeConnector.makeConnectionsToGaugeCore(GaugeConnector.java:35)
	at com.thoughtworks.gauge.GaugeRuntime.makeConnection(GaugeRuntime.java:120)
	at com.thoughtworks.gauge.GaugeRuntime.connectSynchronously(GaugeRuntime.java:106)
	at com.thoughtworks.gauge.GaugeRuntime.startGaugeServer(GaugeRuntime.java:76)
	at com.thoughtworks.gauge.GaugeRuntime.main(GaugeRuntime.java:53)
19-04-2023 14:23:14.252 [java] [CRITICAL] process C:\Program Files\Java\jdk1.8.0_361\jre\bin\java.exe with pid 7868 quit unexpectedly. exit status 1
19-04-2023 14:23:14.316 [Gauge] [ERROR] Error occurred while waiting for runner process to finish.
Error : exit status 1
19-04-2023 14:23:14.317 [Gauge] [CRITICAL] Failed to start gauge API: Error occurred while waiting for runner process to finish.
Error : exit status 1
19-04-2023 14:23:50.516 [Gauge] [DEBUG] Created gauge_screenshots_dir at C:\Users\testinium\IdeaProjects\HepsiBurdaBdd\.gauge\screenshots
19-04-2023 14:23:50.523 [Gauge] [DEBUG] Plugin java is already installed.
19-04-2023 14:23:50.525 [Gauge] [DEBUG] Plugin html-report is already installed.
19-04-2023 14:23:50.528 [Gauge] [DEBUG] Parsing started.
19-04-2023 14:23:50.530 [Gauge] [DEBUG] Started concepts parsing.
19-04-2023 14:23:50.563 [Gauge] [DEBUG] 35 concepts parsing completed.
19-04-2023 14:23:50.563 [Gauge] [DEBUG] Started specifications parsing.
19-04-2023 14:23:50.572 [Gauge] [DEBUG] 1 specifications parsing completed.
19-04-2023 14:23:50.572 [Gauge] [DEBUG] Parsing completed.
19-04-2023 14:23:50.628 [java] [DEBUG] ***** Printing Properties/Env Values *****
19-04-2023 14:23:50.628 [java] [DEBUG] PATH: C:\Program Files (x86)\Common Files\Oracle\Java\javapath;C:\WINDOWS\system32;C:\WINDOWS;C:\WINDOWS\System32\Wbem;C:\WINDOWS\System32\WindowsPowerShell\v1.0\;C:\WINDOWS\System32\OpenSSH\;C:\Program Files\apache-maven-3.9.1\bin;C:\Program Files\Gauge\bin;C:\Program Files\Git\cmd;C:\Program Files\nodejs\;C:\Program Files (x86)\Micro Focus\Unified Functional Testing\bin;C:\Program Files\MySQL\MySQL Shell 8.0\bin\;C:\Users\testinium\AppData\Local\Microsoft\WindowsApps;;C:\Program Files\JetBrains\IntelliJ IDEA Community Edition 2023.1\bin;;C:\Users\testinium\AppData\Roaming\npm;C:\Users\testinium\AppData\Roaming\gauge\plugins\screenshot\0.1.0
19-04-2023 14:23:50.628 [java] [DEBUG] JAVA_HOME: C:\Program Files\Java\jdk1.8.0_361
19-04-2023 14:23:50.628 [java] [DEBUG] gauge_project_root: C:\Users\testinium\IdeaProjects\HepsiBurdaBdd
19-04-2023 14:23:50.628 [java] [DEBUG] gauge_parallel_streams_count: 8
19-04-2023 14:23:50.628 [java] [DEBUG] gauge_reports_dir: reports
19-04-2023 14:23:50.628 [java] [DEBUG] overwrite_reports: true
19-04-2023 14:23:50.628 [java] [DEBUG] logs_directory: logs
19-04-2023 14:23:50.628 [java] [DEBUG] enable_multithreading: false
19-04-2023 14:23:50.628 [java] [DEBUG] gauge_specs_dir: specs
19-04-2023 14:23:50.628 [java] [DEBUG] csv_delimiter: ,
19-04-2023 14:23:50.628 [java] [DEBUG] gauge_java_home: 
19-04-2023 14:23:50.628 [java] [DEBUG] gauge_custom_build_path: 
19-04-2023 14:23:50.628 [java] [DEBUG] gauge_additional_libs: libs/*
19-04-2023 14:23:50.628 [java] [DEBUG] gauge_jvm_args: 
19-04-2023 14:23:50.628 [java] [DEBUG] gauge_custom_compile_dir: 
19-04-2023 14:23:50.628 [java] [DEBUG] gauge_clear_state_level: scenario
19-04-2023 14:23:50.628 [java] [DEBUG] ***** END *****
19-04-2023 14:23:51.382 [Gauge] [DEBUG] Checking updates...
19-04-2023 14:23:51.389 [Gauge] [DEBUG] Downloading https://downloads.gauge.org/plugin/html-report?l=java&p=html-report,java,screenshot&o=windows&a=amd64
19-04-2023 14:23:51.822 [Gauge] [DEBUG] Downloading https://downloads.gauge.org/plugin/java?l=java&p=html-report,java,screenshot&o=windows&a=amd64
19-04-2023 14:23:51.986 [Gauge] [DEBUG] Downloading https://downloads.gauge.org/plugin/screenshot?l=java&p=html-report,java,screenshot&o=windows&a=amd64
19-04-2023 14:23:59.049 [java] [DEBUG] classpath set to C:\Users\testinium\.jdks\corretto-11.0.18!\java.base;C:\Users\testinium\.jdks\corretto-11.0.18!\java.compiler;C:\Users\testinium\.jdks\corretto-11.0.18!\java.datatransfer;C:\Users\testinium\.jdks\corretto-11.0.18!\java.desktop;C:\Users\testinium\.jdks\corretto-11.0.18!\java.instrument;C:\Users\testinium\.jdks\corretto-11.0.18!\java.logging;C:\Users\testinium\.jdks\corretto-11.0.18!\java.management;C:\Users\testinium\.jdks\corretto-11.0.18!\java.management.rmi;C:\Users\testinium\.jdks\corretto-11.0.18!\java.naming;C:\Users\testinium\.jdks\corretto-11.0.18!\java.net.http;C:\Users\testinium\.jdks\corretto-11.0.18!\java.prefs;C:\Users\testinium\.jdks\corretto-11.0.18!\java.rmi;C:\Users\testinium\.jdks\corretto-11.0.18!\java.scripting;C:\Users\testinium\.jdks\corretto-11.0.18!\java.se;C:\Users\testinium\.jdks\corretto-11.0.18!\java.security.jgss;C:\Users\testinium\.jdks\corretto-11.0.18!\java.security.sasl;C:\Users\testinium\.jdks\corretto-11.0.18!\java.smartcardio;C:\Users\testinium\.jdks\corretto-11.0.18!\java.sql;C:\Users\testinium\.jdks\corretto-11.0.18!\java.sql.rowset;C:\Users\testinium\.jdks\corretto-11.0.18!\java.transaction.xa;C:\Users\testinium\.jdks\corretto-11.0.18!\java.xml;C:\Users\testinium\.jdks\corretto-11.0.18!\java.xml.crypto;C:\Users\testinium\.jdks\corretto-11.0.18!\jdk.accessibility;C:\Users\testinium\.jdks\corretto-11.0.18!\jdk.aot;C:\Users\testinium\.jdks\corretto-11.0.18!\jdk.attach;C:\Users\testinium\.jdks\corretto-11.0.18!\jdk.charsets;C:\Users\testinium\.jdks\corretto-11.0.18!\jdk.compiler;C:\Users\testinium\.jdks\corretto-11.0.18!\jdk.crypto.cryptoki;C:\Users\testinium\.jdks\corretto-11.0.18!\jdk.crypto.ec;C:\Users\testinium\.jdks\corretto-11.0.18!\jdk.crypto.mscapi;C:\Users\testinium\.jdks\corretto-11.0.18!\jdk.dynalink;C:\Users\testinium\.jdks\corretto-11.0.18!\jdk.editpad;C:\Users\testinium\.jdks\corretto-11.0.18!\jdk.hotspot.agent;C:\Users\testinium\.jdks\corretto-11.0.18!\jdk.httpserver;C:\Users\testinium\.jdks\corretto-11.0.18!\jdk.internal.ed;C:\Users\testinium\.jdks\corretto-11.0.18!\jdk.internal.jvmstat;C:\Users\testinium\.jdks\corretto-11.0.18!\jdk.internal.le;C:\Users\testinium\.jdks\corretto-11.0.18!\jdk.internal.opt;C:\Users\testinium\.jdks\corretto-11.0.18!\jdk.internal.vm.ci;C:\Users\testinium\.jdks\corretto-11.0.18!\jdk.internal.vm.compiler;C:\Users\testinium\.jdks\corretto-11.0.18!\jdk.internal.vm.compiler.management;C:\Users\testinium\.jdks\corretto-11.0.18!\jdk.jartool;C:\Users\testinium\.jdks\corretto-11.0.18!\jdk.javadoc;C:\Users\testinium\.jdks\corretto-11.0.18!\jdk.jcmd;C:\Users\testinium\.jdks\corretto-11.0.18!\jdk.jconsole;C:\Users\testinium\.jdks\corretto-11.0.18!\jdk.jdeps;C:\Users\testinium\.jdks\corretto-11.0.18!\jdk.jdi;C:\Users\testinium\.jdks\corretto-11.0.18!\jdk.jdwp.agent;C:\Users\testinium\.jdks\corretto-11.0.18!\jdk.jfr;C:\Users\testinium\.jdks\corretto-11.0.18!\jdk.jlink;C:\Users\testinium\.jdks\corretto-11.0.18!\jdk.jshell;C:\Users\testinium\.jdks\corretto-11.0.18!\jdk.jsobject;C:\Users\testinium\.jdks\corretto-11.0.18!\jdk.jstatd;C:\Users\testinium\.jdks\corretto-11.0.18!\jdk.localedata;C:\Users\testinium\.jdks\corretto-11.0.18!\jdk.management;C:\Users\testinium\.jdks\corretto-11.0.18!\jdk.management.agent;C:\Users\testinium\.jdks\corretto-11.0.18!\jdk.management.jfr;C:\Users\testinium\.jdks\corretto-11.0.18!\jdk.naming.dns;C:\Users\testinium\.jdks\corretto-11.0.18!\jdk.naming.ldap;C:\Users\testinium\.jdks\corretto-11.0.18!\jdk.naming.rmi;C:\Users\testinium\.jdks\corretto-11.0.18!\jdk.net;C:\Users\testinium\.jdks\corretto-11.0.18!\jdk.pack;C:\Users\testinium\.jdks\corretto-11.0.18!\jdk.rmic;C:\Users\testinium\.jdks\corretto-11.0.18!\jdk.scripting.nashorn;C:\Users\testinium\.jdks\corretto-11.0.18!\jdk.scripting.nashorn.shell;C:\Users\testinium\.jdks\corretto-11.0.18!\jdk.sctp;C:\Users\testinium\.jdks\corretto-11.0.18!\jdk.security.auth;C:\Users\testinium\.jdks\corretto-11.0.18!\jdk.security.jgss;C:\Users\testinium\.jdks\corretto-11.0.18!\jdk.unsupported;C:\Users\testinium\.jdks\corretto-11.0.18!\jdk.unsupported.desktop;C:\Users\testinium\.jdks\corretto-11.0.18!\jdk.xml.dom;C:\Users\testinium\.jdks\corretto-11.0.18!\jdk.zipfs;C:\Users\testinium\IdeaProjects\HepsiBurdaBdd\target\test-classes;C:\Users\testinium\.m2\repository\org\apache\logging\log4j\log4j-core\2.17.1\log4j-core-2.17.1.jar;C:\Users\testinium\.m2\repository\org\apache\logging\log4j\log4j-api\2.17.1\log4j-api-2.17.1.jar;C:\Users\testinium\.m2\repository\org\junit\jupiter\junit-jupiter-engine\5.1.0\junit-jupiter-engine-5.1.0.jar;C:\Users\testinium\.m2\repository\org\apiguardian\apiguardian-api\1.0.0\apiguardian-api-1.0.0.jar;C:\Users\testinium\.m2\repository\org\junit\platform\junit-platform-engine\1.1.0\junit-platform-engine-1.1.0.jar;C:\Users\testinium\.m2\repository\org\junit\platform\junit-platform-commons\1.1.0\junit-platform-commons-1.1.0.jar;C:\Users\testinium\.m2\repository\org\opentest4j\opentest4j\1.0.0\opentest4j-1.0.0.jar;C:\Users\testinium\.m2\repository\org\junit\jupiter\junit-jupiter-api\5.1.0\junit-jupiter-api-5.1.0.jar;C:\Users\testinium\.m2\repository\com\thoughtworks\gauge\gauge-java\0.7.3\gauge-java-0.7.3.jar;C:\Users\testinium\.m2\repository\org\assertj\assertj-core\3.14.0\assertj-core-3.14.0.jar;C:\Users\testinium\.m2\repository\org\reflections\reflections\0.9.11\reflections-0.9.11.jar;C:\Users\testinium\.m2\repository\org\javassist\javassist\3.21.0-GA\javassist-3.21.0-GA.jar;C:\Users\testinium\.m2\repository\com\github\javaparser\javaparser-core\2.5.1\javaparser-core-2.5.1.jar;C:\Users\testinium\.m2\repository\commons-io\commons-io\2.6\commons-io-2.6.jar;C:\Users\testinium\.m2\repository\commons-lang\commons-lang\2.6\commons-lang-2.6.jar;C:\Users\testinium\.m2\repository\org\json\json\20190722\json-20190722.jar;C:\Users\testinium\.m2\repository\com\google\protobuf\protobuf-java\3.10.0\protobuf-java-3.10.0.jar;C:\Users\testinium\.m2\repository\com\google\guava\guava\28.1-jre\guava-28.1-jre.jar;C:\Users\testinium\.m2\repository\com\google\guava\failureaccess\1.0.1\failureaccess-1.0.1.jar;C:\Users\testinium\.m2\repository\com\google\guava\listenablefuture\9999.0-empty-to-avoid-conflict-with-guava\listenablefuture-9999.0-empty-to-avoid-conflict-with-guava.jar;C:\Users\testinium\.m2\repository\com\google\code\findbugs\jsr305\3.0.2\jsr305-3.0.2.jar;C:\Users\testinium\.m2\repository\org\checkerframework\checker-qual\2.8.1\checker-qual-2.8.1.jar;C:\Users\testinium\.m2\repository\com\google\errorprone\error_prone_annotations\2.3.2\error_prone_annotations-2.3.2.jar;C:\Users\testinium\.m2\repository\com\google\j2objc\j2objc-annotations\1.3\j2objc-annotations-1.3.jar;C:\Users\testinium\.m2\repository\org\codehaus\mojo\animal-sniffer-annotations\1.18\animal-sniffer-annotations-1.18.jar;C:\Users\testinium\.m2\repository\io\grpc\grpc-netty-shaded\1.25.0\grpc-netty-shaded-1.25.0.jar;C:\Users\testinium\.m2\repository\io\grpc\grpc-core\1.25.0\grpc-core-1.25.0.jar;C:\Users\testinium\.m2\repository\io\grpc\grpc-api\1.25.0\grpc-api-1.25.0.jar;C:\Users\testinium\.m2\repository\io\grpc\grpc-context\1.25.0\grpc-context-1.25.0.jar;C:\Users\testinium\.m2\repository\com\google\android\annotations\4.1.1.4\annotations-4.1.1.4.jar;C:\Users\testinium\.m2\repository\io\perfmark\perfmark-api\0.19.0\perfmark-api-0.19.0.jar;C:\Users\testinium\.m2\repository\io\opencensus\opencensus-api\0.21.0\opencensus-api-0.21.0.jar;C:\Users\testinium\.m2\repository\io\opencensus\opencensus-contrib-grpc-metrics\0.21.0\opencensus-contrib-grpc-metrics-0.21.0.jar;C:\Users\testinium\.m2\repository\io\grpc\grpc-protobuf\1.24.1\grpc-protobuf-1.24.1.jar;C:\Users\testinium\.m2\repository\com\google\api\grpc\proto-google-common-protos\1.12.0\proto-google-common-protos-1.12.0.jar;C:\Users\testinium\.m2\repository\io\grpc\grpc-protobuf-lite\1.24.1\grpc-protobuf-lite-1.24.1.jar;C:\Users\testinium\.m2\repository\io\grpc\grpc-stub\1.24.1\grpc-stub-1.24.1.jar;C:\Users\testinium\.m2\repository\javax\annotation\javax.annotation-api\1.3.2\javax.annotation-api-1.3.2.jar;C:\Users\testinium\.m2\repository\io\appium\java-client\7.0.0\java-client-7.0.0.jar;C:\Users\testinium\.m2\repository\org\seleniumhq\selenium\selenium-java\3.141.59\selenium-java-3.141.59.jar;C:\Users\testinium\.m2\repository\org\seleniumhq\selenium\selenium-chrome-driver\3.141.59\selenium-chrome-driver-3.141.59.jar;C:\Users\testinium\.m2\repository\org\seleniumhq\selenium\selenium-edge-driver\3.141.59\selenium-edge-driver-3.141.59.jar;C:\Users\testinium\.m2\repository\org\seleniumhq\selenium\selenium-firefox-driver\3.141.59\selenium-firefox-driver-3.141.59.jar;C:\Users\testinium\.m2\repository\org\seleniumhq\selenium\selenium-ie-driver\3.141.59\selenium-ie-driver-3.141.59.jar;C:\Users\testinium\.m2\repository\org\seleniumhq\selenium\selenium-opera-driver\3.141.59\selenium-opera-driver-3.141.59.jar;C:\Users\testinium\.m2\repository\org\seleniumhq\selenium\selenium-remote-driver\3.141.59\selenium-remote-driver-3.141.59.jar;C:\Users\testinium\.m2\repository\org\seleniumhq\selenium\selenium-safari-driver\3.141.59\selenium-safari-driver-3.141.59.jar;C:\Users\testinium\.m2\repository\net\bytebuddy\byte-buddy\1.8.15\byte-buddy-1.8.15.jar;C:\Users\testinium\.m2\repository\org\apache\commons\commons-exec\1.3\commons-exec-1.3.jar;C:\Users\testinium\.m2\repository\com\squareup\okhttp3\okhttp\3.11.0\okhttp-3.11.0.jar;C:\Users\testinium\.m2\repository\com\squareup\okio\okio\1.14.0\okio-1.14.0.jar;C:\Users\testinium\.m2\repository\org\seleniumhq\selenium\selenium-support\3.141.59\selenium-support-3.141.59.jar;C:\Users\testinium\.m2\repository\org\seleniumhq\selenium\selenium-api\3.141.59\selenium-api-3.141.59.jar;C:\Users\testinium\.m2\repository\com\google\code\gson\gson\2.8.5\gson-2.8.5.jar;C:\Users\testinium\.m2\repository\org\apache\httpcomponents\httpclient\4.5.6\httpclient-4.5.6.jar;C:\Users\testinium\.m2\repository\org\apache\httpcomponents\httpcore\4.4.10\httpcore-4.4.10.jar;C:\Users\testinium\.m2\repository\commons-logging\commons-logging\1.2\commons-logging-1.2.jar;C:\Users\testinium\.m2\repository\commons-codec\commons-codec\1.10\commons-codec-1.10.jar;C:\Users\testinium\.m2\repository\cglib\cglib\3.2.8\cglib-3.2.8.jar;C:\Users\testinium\.m2\repository\org\ow2\asm\asm\6.2.1\asm-6.2.1.jar;C:\Users\testinium\.m2\repository\org\apache\ant\ant\1.10.3\ant-1.10.3.jar;C:\Users\testinium\.m2\repository\org\apache\ant\ant-launcher\1.10.3\ant-launcher-1.10.3.jar;C:\Users\testinium\.m2\repository\commons-validator\commons-validator\1.6\commons-validator-1.6.jar;C:\Users\testinium\.m2\repository\commons-beanutils\commons-beanutils\1.9.2\commons-beanutils-1.9.2.jar;C:\Users\testinium\.m2\repository\commons-digester\commons-digester\1.8.1\commons-digester-1.8.1.jar;C:\Users\testinium\.m2\repository\commons-collections\commons-collections\3.2.2\commons-collections-3.2.2.jar;C:\Users\testinium\.m2\repository\org\apache\commons\commons-lang3\3.8\commons-lang3-3.8.jar;C:\Users\testinium\.m2\repository\org\springframework\spring-context\5.1.0.RELEASE\spring-context-5.1.0.RELEASE.jar;C:\Users\testinium\.m2\repository\org\springframework\spring-aop\5.1.0.RELEASE\spring-aop-5.1.0.RELEASE.jar;C:\Users\testinium\.m2\repository\org\springframework\spring-beans\5.1.0.RELEASE\spring-beans-5.1.0.RELEASE.jar;C:\Users\testinium\.m2\repository\org\springframework\spring-core\5.1.0.RELEASE\spring-core-5.1.0.RELEASE.jar;C:\Users\testinium\.m2\repository\org\springframework\spring-jcl\5.1.0.RELEASE\spring-jcl-5.1.0.RELEASE.jar;C:\Users\testinium\.m2\repository\org\springframework\spring-expression\5.1.0.RELEASE\spring-expression-5.1.0.RELEASE.jar;C:\Users\testinium\.m2\repository\org\aspectj\aspectjweaver\1.9.1\aspectjweaver-1.9.1.jar;C:\Users\testinium\.m2\repository\org\slf4j\slf4j-api\1.7.25\slf4j-api-1.7.25.jar;C:\Users\testinium\.m2\repository\junit\junit\4.13.2\junit-4.13.2.jar;C:\Users\testinium\.m2\repository\org\hamcrest\hamcrest-core\1.3\hamcrest-core-1.3.jar
19-04-2023 14:23:59.093 [java] [DEBUG] found java executable in C:\Program Files\Java\jdk1.8.0_361\jre\bin\java.exe
19-04-2023 14:23:59.094 [java] [DEBUG] running - C:\Program Files\Java\jdk1.8.0_361\jre\bin\java.exe [-Dfile.encoding=UTF-8 com.thoughtworks.gauge.GaugeRuntime --start]
19-04-2023 14:23:59.094 [java] [DEBUG] stdout/stderr is logged to logs\12256-java.exe.out
19-04-2023 14:23:59.499 [java] [DEBUG] Connecting to port: 0
19-04-2023 14:23:59.514 [java] [CRITICAL] Error in thread 1
Format specifier '%!s(MISSING)'
java.util.MissingFormatArgumentException: Format specifier '%!s(MISSING)'
	at java.util.Formatter.format(Formatter.java:2519)
	at java.util.Formatter.format(Formatter.java:2455)
	at java.lang.String.format(String.java:2940)
	at com.thoughtworks.gauge.connection.GaugeConnector.connect(GaugeConnector.java:45)
	at com.thoughtworks.gauge.connection.GaugeConnector.makeConnectionsToGaugeCore(GaugeConnector.java:35)
	at com.thoughtworks.gauge.GaugeRuntime.makeConnection(GaugeRuntime.java:120)
	at com.thoughtworks.gauge.GaugeRuntime.connectSynchronously(GaugeRuntime.java:106)
	at com.thoughtworks.gauge.GaugeRuntime.startGaugeServer(GaugeRuntime.java:76)
	at com.thoughtworks.gauge.GaugeRuntime.main(GaugeRuntime.java:53)
19-04-2023 14:23:59.558 [java] [CRITICAL] process C:\Program Files\Java\jdk1.8.0_361\jre\bin\java.exe with pid 9296 quit unexpectedly. exit status 1
19-04-2023 14:23:59.572 [Gauge] [ERROR] Error occurred while waiting for runner process to finish.
Error : exit status 1
19-04-2023 14:23:59.572 [Gauge] [CRITICAL] Failed to start gauge API: Error occurred while waiting for runner process to finish.
Error : exit status 1
